<?xml version="1.0" encoding="UTF-8"?>
<!-- Generated by org.testng.reporters.JUnitXMLReporter -->
<testsuite hostname="LTILPUN23200595" ignored="0" name="Test" tests="3" failures="0" timestamp="2020-10-16T15:01:41 IST" time="0.21" errors="0">
  <testcase name="@BeforeTest beforeClassActivities" time="-1.602840701098E9" classname="runner.TestRunner">
    <failure type="org.testng.TestNGException" message="
Parameter &amp;apos;platform&amp;apos; is required by BeforeTest on method beforeClassActivities but has not been marked @Optional or defined
in C:\Users\10655479\eclipse-workspace\AppiumMasterAutomation\testng.xml">
      <![CDATA[org.testng.TestNGException: 
Parameter 'platform' is required by BeforeTest on method beforeClassActivities but has not been marked @Optional or defined
in C:\Users\10655479\eclipse-workspace\AppiumMasterAutomation\testng.xml
... Removed 21 stack frames]]>
    </failure>
  </testcase> <!-- @BeforeTest beforeClassActivities -->
  <testcase name="@AfterClass afterActivities" time="-1.602840701301E9" classname="runner.TestRunner">
    <skipped/>
  </testcase> <!-- @AfterClass afterActivities -->
  <testcase name="runScenario" time="0.0" classname="io.cucumber.testng.AbstractTestNGCucumberTests">
    <skipped/>
  </testcase> <!-- runScenario -->
  <testcase name="runScenario" time="0.0" classname="io.cucumber.testng.AbstractTestNGCucumberTests">
    <skipped/>
  </testcase> <!-- runScenario -->
  <testcase name="runScenario" time="0.0" classname="io.cucumber.testng.AbstractTestNGCucumberTests">
    <skipped/>
  </testcase> <!-- runScenario -->
</testsuite> <!-- Test -->
